<?xml version="1.0" encoding="UTF-8"?>
<testsuite xmlns:xsi="http://www.w3.org/2001/XMLSchema-instance" xsi:noNamespaceSchemaLocation="https://maven.apache.org/surefire/maven-surefire-plugin/xsd/surefire-test-report.xsd" name="com.golden.vertx.AppTest" time="0.021" tests="1" errors="0" skipped="0" failures="0">
  <properties>
    <property name="awt.toolkit" value="sun.awt.X11.XToolkit"/>
    <property name="file.encoding.pkg" value="sun.io"/>
    <property name="java.specification.version" value="1.8"/>
    <property name="sun.cpu.isalist" value=""/>
    <property name="sun.jnu.encoding" value="UTF-8"/>
    <property name="java.class.path" value="/home/golden/IdeaProjects/ProjectEagleVertx/target/test-classes:/home/golden/IdeaProjects/ProjectEagleVertx/target/classes:/home/golden/.m2/repository/com/couchbase/client/java-client/2.7.2/java-client-2.7.2.jar:/home/golden/.m2/repository/com/couchbase/client/core-io/1.7.2/core-io-1.7.2.jar:/home/golden/.m2/repository/io/reactivex/rxjava/1.3.8/rxjava-1.3.8.jar:/home/golden/.m2/repository/io/opentracing/opentracing-api/0.31.0/opentracing-api-0.31.0.jar:/home/golden/.m2/repository/io/vertx/vertx-core/3.3.3/vertx-core-3.3.3.jar:/home/golden/.m2/repository/io/netty/netty-common/4.1.5.Final/netty-common-4.1.5.Final.jar:/home/golden/.m2/repository/io/netty/netty-buffer/4.1.5.Final/netty-buffer-4.1.5.Final.jar:/home/golden/.m2/repository/io/netty/netty-transport/4.1.5.Final/netty-transport-4.1.5.Final.jar:/home/golden/.m2/repository/io/netty/netty-handler/4.1.5.Final/netty-handler-4.1.5.Final.jar:/home/golden/.m2/repository/io/netty/netty-codec/4.1.5.Final/netty-codec-4.1.5.Final.jar:/home/golden/.m2/repository/io/netty/netty-handler-proxy/4.1.5.Final/netty-handler-proxy-4.1.5.Final.jar:/home/golden/.m2/repository/io/netty/netty-codec-socks/4.1.5.Final/netty-codec-socks-4.1.5.Final.jar:/home/golden/.m2/repository/io/netty/netty-codec-http/4.1.5.Final/netty-codec-http-4.1.5.Final.jar:/home/golden/.m2/repository/io/netty/netty-codec-http2/4.1.5.Final/netty-codec-http2-4.1.5.Final.jar:/home/golden/.m2/repository/io/netty/netty-resolver/4.1.5.Final/netty-resolver-4.1.5.Final.jar:/home/golden/.m2/repository/io/netty/netty-resolver-dns/4.1.5.Final/netty-resolver-dns-4.1.5.Final.jar:/home/golden/.m2/repository/io/netty/netty-codec-dns/4.1.5.Final/netty-codec-dns-4.1.5.Final.jar:/home/golden/.m2/repository/com/fasterxml/jackson/core/jackson-core/2.7.4/jackson-core-2.7.4.jar:/home/golden/.m2/repository/com/fasterxml/jackson/core/jackson-databind/2.7.4/jackson-databind-2.7.4.jar:/home/golden/.m2/repository/com/fasterxml/jackson/core/jackson-annotations/2.7.0/jackson-annotations-2.7.0.jar:/home/golden/.m2/repository/io/vertx/vertx-web/3.6.2/vertx-web-3.6.2.jar:/home/golden/.m2/repository/io/vertx/vertx-web-common/3.6.2/vertx-web-common-3.6.2.jar:/home/golden/.m2/repository/io/vertx/vertx-auth-common/3.6.2/vertx-auth-common-3.6.2.jar:/home/golden/.m2/repository/io/vertx/vertx-bridge-common/3.6.2/vertx-bridge-common-3.6.2.jar:/home/golden/.m2/repository/junit/junit/4.11/junit-4.11.jar:/home/golden/.m2/repository/org/hamcrest/hamcrest-core/1.3/hamcrest-core-1.3.jar:"/>
    <property name="java.vm.vendor" value="Oracle Corporation"/>
    <property name="sun.arch.data.model" value="64"/>
    <property name="java.vendor.url" value="http://java.oracle.com/"/>
    <property name="user.timezone" value=""/>
    <property name="java.vm.specification.version" value="1.8"/>
    <property name="os.name" value="Linux"/>
    <property name="user.country" value="US"/>
    <property name="sun.java.launcher" value="SUN_STANDARD"/>
    <property name="sun.boot.library.path" value="/usr/lib/jvm/java-8-openjdk/jre/lib/amd64"/>
    <property name="sun.java.command" value="/home/golden/IdeaProjects/ProjectEagleVertx/target/surefire/surefirebooter951487174816829442.jar /home/golden/IdeaProjects/ProjectEagleVertx/target/surefire 2019-01-21T21-45-44_616-jvmRun1 surefire6968717495144050405tmp surefire_07241745378135763525tmp"/>
    <property name="surefire.test.class.path" value="/home/golden/IdeaProjects/ProjectEagleVertx/target/test-classes:/home/golden/IdeaProjects/ProjectEagleVertx/target/classes:/home/golden/.m2/repository/com/couchbase/client/java-client/2.7.2/java-client-2.7.2.jar:/home/golden/.m2/repository/com/couchbase/client/core-io/1.7.2/core-io-1.7.2.jar:/home/golden/.m2/repository/io/reactivex/rxjava/1.3.8/rxjava-1.3.8.jar:/home/golden/.m2/repository/io/opentracing/opentracing-api/0.31.0/opentracing-api-0.31.0.jar:/home/golden/.m2/repository/io/vertx/vertx-core/3.3.3/vertx-core-3.3.3.jar:/home/golden/.m2/repository/io/netty/netty-common/4.1.5.Final/netty-common-4.1.5.Final.jar:/home/golden/.m2/repository/io/netty/netty-buffer/4.1.5.Final/netty-buffer-4.1.5.Final.jar:/home/golden/.m2/repository/io/netty/netty-transport/4.1.5.Final/netty-transport-4.1.5.Final.jar:/home/golden/.m2/repository/io/netty/netty-handler/4.1.5.Final/netty-handler-4.1.5.Final.jar:/home/golden/.m2/repository/io/netty/netty-codec/4.1.5.Final/netty-codec-4.1.5.Final.jar:/home/golden/.m2/repository/io/netty/netty-handler-proxy/4.1.5.Final/netty-handler-proxy-4.1.5.Final.jar:/home/golden/.m2/repository/io/netty/netty-codec-socks/4.1.5.Final/netty-codec-socks-4.1.5.Final.jar:/home/golden/.m2/repository/io/netty/netty-codec-http/4.1.5.Final/netty-codec-http-4.1.5.Final.jar:/home/golden/.m2/repository/io/netty/netty-codec-http2/4.1.5.Final/netty-codec-http2-4.1.5.Final.jar:/home/golden/.m2/repository/io/netty/netty-resolver/4.1.5.Final/netty-resolver-4.1.5.Final.jar:/home/golden/.m2/repository/io/netty/netty-resolver-dns/4.1.5.Final/netty-resolver-dns-4.1.5.Final.jar:/home/golden/.m2/repository/io/netty/netty-codec-dns/4.1.5.Final/netty-codec-dns-4.1.5.Final.jar:/home/golden/.m2/repository/com/fasterxml/jackson/core/jackson-core/2.7.4/jackson-core-2.7.4.jar:/home/golden/.m2/repository/com/fasterxml/jackson/core/jackson-databind/2.7.4/jackson-databind-2.7.4.jar:/home/golden/.m2/repository/com/fasterxml/jackson/core/jackson-annotations/2.7.0/jackson-annotations-2.7.0.jar:/home/golden/.m2/repository/io/vertx/vertx-web/3.6.2/vertx-web-3.6.2.jar:/home/golden/.m2/repository/io/vertx/vertx-web-common/3.6.2/vertx-web-common-3.6.2.jar:/home/golden/.m2/repository/io/vertx/vertx-auth-common/3.6.2/vertx-auth-common-3.6.2.jar:/home/golden/.m2/repository/io/vertx/vertx-bridge-common/3.6.2/vertx-bridge-common-3.6.2.jar:/home/golden/.m2/repository/junit/junit/4.11/junit-4.11.jar:/home/golden/.m2/repository/org/hamcrest/hamcrest-core/1.3/hamcrest-core-1.3.jar:"/>
    <property name="sun.cpu.endian" value="little"/>
    <property name="user.home" value="/home/golden"/>
    <property name="user.language" value="en"/>
    <property name="java.specification.vendor" value="Oracle Corporation"/>
    <property name="java.home" value="/usr/lib/jvm/java-8-openjdk/jre"/>
    <property name="basedir" value="/home/golden/IdeaProjects/ProjectEagleVertx"/>
    <property name="file.separator" value="/"/>
    <property name="line.separator" value="&#10;"/>
    <property name="java.vm.specification.vendor" value="Oracle Corporation"/>
    <property name="java.specification.name" value="Java Platform API Specification"/>
    <property name="java.awt.graphicsenv" value="sun.awt.X11GraphicsEnvironment"/>
    <property name="surefire.real.class.path" value="/home/golden/IdeaProjects/ProjectEagleVertx/target/surefire/surefirebooter951487174816829442.jar"/>
    <property name="sun.boot.class.path" value="/usr/lib/jvm/java-8-openjdk/jre/lib/resources.jar:/usr/lib/jvm/java-8-openjdk/jre/lib/rt.jar:/usr/lib/jvm/java-8-openjdk/jre/lib/sunrsasign.jar:/usr/lib/jvm/java-8-openjdk/jre/lib/jsse.jar:/usr/lib/jvm/java-8-openjdk/jre/lib/jce.jar:/usr/lib/jvm/java-8-openjdk/jre/lib/charsets.jar:/usr/lib/jvm/java-8-openjdk/jre/lib/jfr.jar:/usr/lib/jvm/java-8-openjdk/jre/classes"/>
    <property name="sun.management.compiler" value="HotSpot 64-Bit Tiered Compilers"/>
    <property name="java.runtime.version" value="1.8.0_192-b26"/>
    <property name="user.name" value="golden"/>
    <property name="path.separator" value=":"/>
    <property name="os.version" value="4.14.85-1-MANJARO"/>
    <property name="java.endorsed.dirs" value="/usr/lib/jvm/java-8-openjdk/jre/lib/endorsed"/>
    <property name="java.runtime.name" value="OpenJDK Runtime Environment"/>
    <property name="file.encoding" value="UTF-8"/>
    <property name="java.vm.name" value="OpenJDK 64-Bit Server VM"/>
    <property name="localRepository" value="/home/golden/.m2/repository"/>
    <property name="java.vendor.url.bug" value="http://bugreport.sun.com/bugreport/"/>
    <property name="java.io.tmpdir" value="/tmp"/>
    <property name="java.version" value="1.8.0_192"/>
    <property name="user.dir" value="/home/golden/IdeaProjects/ProjectEagleVertx"/>
    <property name="os.arch" value="amd64"/>
    <property name="java.vm.specification.name" value="Java Virtual Machine Specification"/>
    <property name="java.awt.printerjob" value="sun.print.PSPrinterJob"/>
    <property name="sun.os.patch.level" value="unknown"/>
    <property name="java.library.path" value="/usr/java/packages/lib/amd64:/usr/lib64:/lib64:/lib:/usr/lib"/>
    <property name="java.vm.info" value="mixed mode"/>
    <property name="java.vendor" value="Oracle Corporation"/>
    <property name="java.vm.version" value="25.192-b26"/>
    <property name="java.ext.dirs" value="/usr/lib/jvm/java-8-openjdk/jre/lib/ext:/usr/java/packages/lib/ext"/>
    <property name="sun.io.unicode.encoding" value="UnicodeLittle"/>
    <property name="java.class.version" value="52.0"/>
  </properties>
  <testcase name="shouldAnswerWithTrue" classname="com.golden.vertx.AppTest" time="0.001"/>
</testsuite>